*** Starting uWSGI 2.0.18 (64bit) on [Wed May  8 22:16:32 2019] ***
compiled with version: 5.4.0 20160609 on 27 April 2019 04:50:53
os: Linux-4.4.0-31-generic #50-Ubuntu SMP Wed Jul 13 00:07:12 UTC 2016
nodename: ubuntu
machine: x86_64
clock source: unix
pcre jit disabled
detected number of CPU cores: 2
current working directory: /home/python/Desktop/alarm/alarm
writing pidfile to uwsgi.pid
detected binary path: /usr/local/bin/uwsgi
chdir() to /home/python/Desktop/alarm/alarm
your processes number limit is 15581
your memory page size is 4096 bytes
detected max file descriptor number: 1048576
lock engine: pthread robust mutexes
thunder lock: disabled (you can enable it with --thunder-lock)
uWSGI http bound on 127.0.0.1:8080 fd 4
uwsgi socket 0 bound to TCP address 127.0.0.1:39900 (port auto-assigned) fd 3
Python version: 3.5.2 (default, Nov 12 2018, 13:43:14)  [GCC 5.4.0 20160609]
Set PythonHome to /home/python/.virtualenvs/alarm
Python main interpreter initialized at 0x16d6670
python threads support enabled
your server socket listen backlog is limited to 100 connections
your mercy for graceful operations on workers is 60 seconds
mapped 218760 bytes (213 KB) for 2 cores
*** Operational MODE: preforking ***
WSGI app 0 (mountpoint='') ready in 1 seconds on interpreter 0x16d6670 pid: 5564 (default app)
*** uWSGI is running in multiple interpreter mode ***
spawned uWSGI master process (pid: 5564)
spawned uWSGI worker 1 (pid: 5566, cores: 1)
spawned uWSGI worker 2 (pid: 5567, cores: 1)
spawned uWSGI http 1 (pid: 5568)
2019-05-06
2019-05-07
[pid: 5566|app: 0|req: 1/1] 127.0.0.1 () {38 vars in 698 bytes} [Wed May  8 22:17:29 2019] GET / => generated 543 bytes in 119 msecs (HTTP/1.1 200) 2 headers in 88 bytes (1 switches on core 0)
[pid: 5566|app: 0|req: 2/2] 127.0.0.1 () {38 vars in 652 bytes} [Wed May  8 22:17:29 2019] GET /favicon.ico => generated 2498 bytes in 4 msecs (HTTP/1.1 404) 2 headers in 80 bytes (1 switches on core 0)
SIGINT/SIGQUIT received...killing workers...
gateway "uWSGI http 1" has been buried (pid: 5568)
worker 1 buried after 1 seconds
worker 2 buried after 1 seconds
goodbye to uWSGI.
*** Starting uWSGI 2.0.18 (64bit) on [Wed May  8 22:18:55 2019] ***
compiled with version: 5.4.0 20160609 on 27 April 2019 04:50:53
os: Linux-4.4.0-31-generic #50-Ubuntu SMP Wed Jul 13 00:07:12 UTC 2016
nodename: ubuntu
machine: x86_64
clock source: unix
pcre jit disabled
detected number of CPU cores: 2
current working directory: /home/python/Desktop/alarm/alarm
writing pidfile to uwsgi.pid
detected binary path: /usr/local/bin/uwsgi
chdir() to /home/python/Desktop/alarm/alarm
your processes number limit is 15581
your memory page size is 4096 bytes
detected max file descriptor number: 1048576
lock engine: pthread robust mutexes
thunder lock: disabled (you can enable it with --thunder-lock)
uWSGI http bound on 127.0.0.1:8080 fd 4
uwsgi socket 0 bound to TCP address 127.0.0.1:43087 (port auto-assigned) fd 3
Python version: 3.5.2 (default, Nov 12 2018, 13:43:14)  [GCC 5.4.0 20160609]
Set PythonHome to /home/python/.virtualenvs/alarm
Python main interpreter initialized at 0xe4e670
python threads support enabled
your server socket listen backlog is limited to 100 connections
your mercy for graceful operations on workers is 60 seconds
mapped 218760 bytes (213 KB) for 2 cores
*** Operational MODE: preforking ***
WSGI app 0 (mountpoint='') ready in 0 seconds on interpreter 0xe4e670 pid: 5785 (default app)
*** uWSGI is running in multiple interpreter mode ***
spawned uWSGI master process (pid: 5785)
spawned uWSGI worker 1 (pid: 5787, cores: 1)
spawned uWSGI worker 2 (pid: 5788, cores: 1)
spawned uWSGI http 1 (pid: 5789)
SIGINT/SIGQUIT received...killing workers...
gateway "uWSGI http 1" has been buried (pid: 5789)
worker 1 buried after 1 seconds
worker 2 buried after 1 seconds
goodbye to uWSGI.
*** Starting uWSGI 2.0.18 (64bit) on [Wed May  8 22:32:54 2019] ***
compiled with version: 5.4.0 20160609 on 27 April 2019 04:50:53
os: Linux-4.4.0-31-generic #50-Ubuntu SMP Wed Jul 13 00:07:12 UTC 2016
nodename: ubuntu
machine: x86_64
clock source: unix
pcre jit disabled
detected number of CPU cores: 2
current working directory: /home/python/Desktop/alarm/alarm
writing pidfile to uwsgi.pid
detected binary path: /usr/local/bin/uwsgi
chdir() to /home/python/Desktop/alarm/alarm
your processes number limit is 15581
your memory page size is 4096 bytes
detected max file descriptor number: 1048576
lock engine: pthread robust mutexes
thunder lock: disabled (you can enable it with --thunder-lock)
uwsgi socket 0 bound to TCP address 127.0.0.1:8080 fd 3
Python version: 3.5.2 (default, Nov 12 2018, 13:43:14)  [GCC 5.4.0 20160609]
Set PythonHome to /home/python/.virtualenvs/alarm
Python main interpreter initialized at 0x23d0580
python threads support enabled
your server socket listen backlog is limited to 100 connections
your mercy for graceful operations on workers is 60 seconds
mapped 218760 bytes (213 KB) for 2 cores
*** Operational MODE: preforking ***
WSGI app 0 (mountpoint='') ready in 1 seconds on interpreter 0x23d0580 pid: 6438 (default app)
*** uWSGI is running in multiple interpreter mode ***
spawned uWSGI master process (pid: 6438)
spawned uWSGI worker 1 (pid: 6440, cores: 1)
spawned uWSGI worker 2 (pid: 6441, cores: 1)
SIGINT/SIGQUIT received...killing workers...
worker 1 buried after 1 seconds
worker 2 buried after 1 seconds
goodbye to uWSGI.
*** Starting uWSGI 2.0.18 (64bit) on [Wed May  8 22:40:34 2019] ***
compiled with version: 5.4.0 20160609 on 27 April 2019 04:50:53
os: Linux-4.4.0-31-generic #50-Ubuntu SMP Wed Jul 13 00:07:12 UTC 2016
nodename: ubuntu
machine: x86_64
clock source: unix
pcre jit disabled
detected number of CPU cores: 2
current working directory: /home/python/Desktop/alarm/alarm
writing pidfile to uwsgi.pid
detected binary path: /usr/local/bin/uwsgi
chdir() to /home/python/Desktop/alarm/alarm
your processes number limit is 15581
your memory page size is 4096 bytes
detected max file descriptor number: 1048576
lock engine: pthread robust mutexes
thunder lock: disabled (you can enable it with --thunder-lock)
uwsgi socket 0 bound to TCP address 127.0.0.1:8080 fd 3
Python version: 3.5.2 (default, Nov 12 2018, 13:43:14)  [GCC 5.4.0 20160609]
Set PythonHome to /home/python/.virtualenvs/alarm
Python main interpreter initialized at 0x155f580
python threads support enabled
your server socket listen backlog is limited to 100 connections
your mercy for graceful operations on workers is 60 seconds
mapped 218760 bytes (213 KB) for 2 cores
*** Operational MODE: preforking ***
WSGI app 0 (mountpoint='') ready in 1 seconds on interpreter 0x155f580 pid: 6670 (default app)
*** uWSGI is running in multiple interpreter mode ***
spawned uWSGI master process (pid: 6670)
spawned uWSGI worker 1 (pid: 6672, cores: 1)
spawned uWSGI worker 2 (pid: 6673, cores: 1)
[pid: 6673|app: 0|req: 1/1] 127.0.0.1 () {40 vars in 682 bytes} [Wed May  8 22:40:46 2019] GET /favicon.ico => generated 2493 bytes in 36 msecs (HTTP/1.1 404) 2 headers in 80 bytes (1 switches on core 0)
2019-05-07
2019-05-06
[pid: 6672|app: 0|req: 1/2] 127.0.0.1 () {46 vars in 855 bytes} [Wed May  8 22:40:48 2019] GET / => generated 543 bytes in 124 msecs (HTTP/1.1 200) 2 headers in 88 bytes (1 switches on core 0)
[pid: 6673|app: 0|req: 2/3] 127.0.0.1 () {42 vars in 804 bytes} [Wed May  8 22:40:51 2019] GET /photos/2019-05-07/1 => generated 864 bytes in 86 msecs (HTTP/1.1 200) 2 headers in 88 bytes (1 switches on core 0)
[pid: 6672|app: 0|req: 2/4] 127.0.0.1 () {42 vars in 804 bytes} [Wed May  8 22:40:54 2019] GET /photos/2019-05-06/1 => generated 1391 bytes in 12 msecs (HTTP/1.1 200) 2 headers in 88 bytes (1 switches on core 0)
2019-05-07
2019-05-06
[pid: 6673|app: 0|req: 3/5] 127.0.0.1 () {40 vars in 733 bytes} [Wed May  8 22:40:58 2019] GET / => generated 543 bytes in 8 msecs (HTTP/1.1 200) 2 headers in 88 bytes (1 switches on core 0)
2019-05-07
2019-05-06
[pid: 6673|app: 0|req: 4/6] 127.0.0.1 () {42 vars in 764 bytes} [Thu May  9 00:43:04 2019] GET / => generated 543 bytes in 82 msecs (HTTP/1.1 200) 2 headers in 88 bytes (1 switches on core 0)
2019-05-07
2019-05-06
[pid: 6673|app: 0|req: 5/7] 127.0.0.1 () {42 vars in 764 bytes} [Thu May  9 00:43:05 2019] GET / => generated 543 bytes in 13 msecs (HTTP/1.1 200) 2 headers in 88 bytes (1 switches on core 0)
[pid: 6672|app: 0|req: 3/8] 127.0.0.1 () {42 vars in 804 bytes} [Thu May  9 00:55:06 2019] GET /photos/2019-05-07/1 => generated 864 bytes in 92 msecs (HTTP/1.1 200) 2 headers in 88 bytes (1 switches on core 0)
*** Starting uWSGI 2.0.18 (64bit) on [Thu May  9 11:45:35 2019] ***
compiled with version: 5.4.0 20160609 on 27 April 2019 04:50:53
os: Linux-4.4.0-31-generic #50-Ubuntu SMP Wed Jul 13 00:07:12 UTC 2016
nodename: ubuntu
machine: x86_64
clock source: unix
pcre jit disabled
detected number of CPU cores: 2
current working directory: /home/python/Desktop/alarm/alarm
writing pidfile to uwsgi.pid
detected binary path: /usr/local/bin/uwsgi
chdir() to /home/python/Desktop/alarm/alarm
your processes number limit is 15581
your memory page size is 4096 bytes
detected max file descriptor number: 1048576
lock engine: pthread robust mutexes
thunder lock: disabled (you can enable it with --thunder-lock)
uwsgi socket 0 bound to TCP address 127.0.0.1:8080 fd 3
Python version: 3.5.2 (default, Nov 12 2018, 13:43:14)  [GCC 5.4.0 20160609]
Set PythonHome to /home/python/.virtualenvs/alarm
Python main interpreter initialized at 0xfd0470
python threads support enabled
your server socket listen backlog is limited to 100 connections
your mercy for graceful operations on workers is 60 seconds
mapped 218760 bytes (213 KB) for 2 cores
*** Operational MODE: preforking ***
WSGI app 0 (mountpoint='') ready in 2 seconds on interpreter 0xfd0470 pid: 5421 (default app)
*** uWSGI is running in multiple interpreter mode ***
spawned uWSGI master process (pid: 5421)
spawned uWSGI worker 1 (pid: 5423, cores: 1)
spawned uWSGI worker 2 (pid: 5424, cores: 1)
invalid request block size: 21573 (max 4096)...skip
invalid request block size: 21573 (max 4096)...skip
invalid request block size: 21573 (max 4096)...skip
...brutally killing workers...
Gracefully killing worker 1 (pid: 5423)...
Gracefully killing worker 2 (pid: 5424)...
worker 1 buried after 1 seconds
worker 2 buried after 1 seconds
binary reloading uWSGI...
chdir() to /home/python/Desktop/alarm/alarm
closing all non-uwsgi socket fds > 2 (max_fd = 1048576)...
found fd 3 mapped to socket 0 (127.0.0.1:8080)
running /usr/local/bin/uwsgi
[uWSGI] getting INI configuration from uwsgi.ini
*** Starting uWSGI 2.0.18 (64bit) on [Thu May  9 11:48:54 2019] ***
compiled with version: 5.4.0 20160609 on 27 April 2019 04:50:53
os: Linux-4.4.0-31-generic #50-Ubuntu SMP Wed Jul 13 00:07:12 UTC 2016
nodename: ubuntu
machine: x86_64
clock source: unix
pcre jit disabled
detected number of CPU cores: 2
current working directory: /home/python/Desktop/alarm/alarm
detected binary path: /usr/local/bin/uwsgi
chdir() to /home/python/Desktop/alarm/alarm
your processes number limit is 15581
your memory page size is 4096 bytes
detected max file descriptor number: 1048576
lock engine: pthread robust mutexes
thunder lock: disabled (you can enable it with --thunder-lock)
uwsgi socket 0 inherited INET address 127.0.0.1:8080 fd 3
Python version: 3.5.2 (default, Nov 12 2018, 13:43:14)  [GCC 5.4.0 20160609]
Set PythonHome to /home/python/.virtualenvs/alarm
Python main interpreter initialized at 0x9a7df0
python threads support enabled
your server socket listen backlog is limited to 100 connections
your mercy for graceful operations on workers is 60 seconds
mapped 218760 bytes (213 KB) for 2 cores
*** Operational MODE: preforking ***
WSGI app 0 (mountpoint='') ready in 0 seconds on interpreter 0x9a7df0 pid: 5421 (default app)
*** uWSGI is running in multiple interpreter mode ***
gracefully (RE)spawned uWSGI master process (pid: 5421)
spawned uWSGI worker 1 (pid: 5837, cores: 1)
spawned uWSGI worker 2 (pid: 5838, cores: 1)
*** Starting uWSGI 2.0.18 (64bit) on [Thu May  9 11:55:54 2019] ***
compiled with version: 5.4.0 20160609 on 27 April 2019 04:50:53
os: Linux-4.4.0-31-generic #50-Ubuntu SMP Wed Jul 13 00:07:12 UTC 2016
nodename: ubuntu
machine: x86_64
clock source: unix
pcre jit disabled
detected number of CPU cores: 2
current working directory: /home/python/Desktop/alarm/alarm
writing pidfile to uwsgi.pid
detected binary path: /usr/local/bin/uwsgi
chdir() to /home/python/Desktop/alarm/alarm
your processes number limit is 15581
your memory page size is 4096 bytes
detected max file descriptor number: 1024
lock engine: pthread robust mutexes
thunder lock: disabled (you can enable it with --thunder-lock)
uwsgi socket 0 bound to TCP address 127.0.0.1:8080 fd 3
Python version: 3.5.2 (default, Nov 12 2018, 13:43:14)  [GCC 5.4.0 20160609]
Set PythonHome to /home/python/.virtualenvs/alarm
Python main interpreter initialized at 0x1c2e350
python threads support enabled
your server socket listen backlog is limited to 100 connections
your mercy for graceful operations on workers is 60 seconds
mapped 218760 bytes (213 KB) for 2 cores
*** Operational MODE: preforking ***
WSGI app 0 (mountpoint='') ready in 5 seconds on interpreter 0x1c2e350 pid: 2912 (default app)
*** uWSGI is running in multiple interpreter mode ***
spawned uWSGI master process (pid: 2912)
spawned uWSGI worker 1 (pid: 2914, cores: 1)
spawned uWSGI worker 2 (pid: 2915, cores: 1)
2019-05-07
2019-05-06
2019-05-07
2019-05-06
[pid: 2915|app: 0|req: 1/1] 127.0.0.1 () {40 vars in 733 bytes} [Thu May  9 11:59:30 2019] GET / => generated 543 bytes in 2283 msecs (HTTP/1.1 200) 2 headers in 88 bytes (1 switches on core 0)
[pid: 2914|app: 0|req: 1/2] 127.0.0.1 () {40 vars in 733 bytes} [Thu May  9 11:59:31 2019] GET / => generated 543 bytes in 1795 msecs (HTTP/1.1 200) 2 headers in 88 bytes (1 switches on core 0)
[pid: 2915|app: 0|req: 2/3] 127.0.0.1 () {40 vars in 682 bytes} [Thu May  9 11:59:33 2019] GET /favicon.ico => generated 2493 bytes in 54 msecs (HTTP/1.1 404) 2 headers in 80 bytes (1 switches on core 0)
[pid: 2914|app: 0|req: 2/4] 127.0.0.1 () {42 vars in 804 bytes} [Thu May  9 12:02:23 2019] GET /photos/2019-05-07/1 => generated 864 bytes in 148 msecs (HTTP/1.1 200) 2 headers in 88 bytes (1 switches on core 0)
[pid: 2914|app: 0|req: 3/5] 127.0.0.1 () {42 vars in 804 bytes} [Thu May  9 12:02:28 2019] GET /photos/2019-05-06/1 => generated 1391 bytes in 11 msecs (HTTP/1.1 200) 2 headers in 88 bytes (1 switches on core 0)
2019-05-07
2019-05-06
[pid: 2915|app: 0|req: 3/6] 127.0.0.1 () {42 vars in 764 bytes} [Thu May  9 13:01:31 2019] GET / => generated 543 bytes in 57 msecs (HTTP/1.1 200) 2 headers in 88 bytes (1 switches on core 0)
SIGINT/SIGQUIT received...killing workers...
worker 1 buried after 1 seconds
worker 2 buried after 1 seconds
goodbye to uWSGI.
